[debug] [2023-07-10T08:57:46.249Z] ----------------------------------------------------------------------
[debug] [2023-07-10T08:57:46.250Z] Command:       C:\Program Files (x86)\nodejs\node.exe C:\Users\Student\AppData\Roaming\npm\node_modules\firebase-tools\lib\bin\firebase.js init
[debug] [2023-07-10T08:57:46.251Z] CLI Version:   12.4.3
[debug] [2023-07-10T08:57:46.251Z] Platform:      win32
[debug] [2023-07-10T08:57:46.251Z] Node Version:  v18.15.0
[debug] [2023-07-10T08:57:46.252Z] Time:          Mon Jul 10 2023 10:57:46 GMT+0200 (South Africa Standard Time)
[debug] [2023-07-10T08:57:46.253Z] ----------------------------------------------------------------------
[debug] 
[debug] [2023-07-10T08:57:46.260Z] > command requires scopes: ["email","openid","https://www.googleapis.com/auth/cloudplatformprojects.readonly","https://www.googleapis.com/auth/firebase","https://www.googleapis.com/auth/cloud-platform"]
[debug] [2023-07-10T08:57:46.261Z] > authorizing via signed-in user (llogantthomas2@gmail.com)
[info] 
     ######## #### ########  ######## ########     ###     ######  ########
     ##        ##  ##     ## ##       ##     ##  ##   ##  ##       ##
     ######    ##  ########  ######   ########  #########  ######  ######
     ##        ##  ##    ##  ##       ##     ## ##     ##       ## ##
     ##       #### ##     ## ######## ########  ##     ##  ######  ########

You're about to initialize a Firebase project in this directory:

  C:\Users\Student\Desktop\vuejseomp

[info] 
=== Project Setup
[info] 
[info] First, let's associate this project directory with a Firebase project.
[info] You can create multiple project aliases by running firebase use --add, 
[info] but for now we'll just set up a default project.
[info] 
[debug] [2023-07-10T09:00:20.563Z] > refreshing access token with scopes: []
[debug] [2023-07-10T09:00:20.566Z] >>> [apiv2][query] POST https://www.googleapis.com/oauth2/v3/token [none]
[debug] [2023-07-10T09:00:20.566Z] >>> [apiv2][body] POST https://www.googleapis.com/oauth2/v3/token [omitted]
[debug] [2023-07-10T09:00:21.100Z] <<< [apiv2][status] POST https://www.googleapis.com/oauth2/v3/token 200
[debug] [2023-07-10T09:00:21.100Z] <<< [apiv2][body] POST https://www.googleapis.com/oauth2/v3/token [omitted]
[debug] [2023-07-10T09:00:21.120Z] >>> [apiv2][query] GET https://firebase.googleapis.com/v1beta1/projects pageSize=100
[debug] [2023-07-10T09:00:21.977Z] <<< [apiv2][status] GET https://firebase.googleapis.com/v1beta1/projects 200
[debug] [2023-07-10T09:00:21.978Z] <<< [apiv2][body] GET https://firebase.googleapis.com/v1beta1/projects [omitted]
[info] i  Using project vueeomp-e7572 (VueEOMP) 
[info] 
=== Hosting Setup
[info] 
[info] Your public directory is the folder (relative to your project directory) that
[info] will contain Hosting assets to be uploaded with firebase deploy. If you
[info] have a build process for your assets, use your build's output directory.
[info] 
[debug] [2023-07-10T09:01:27.348Z] >>> [apiv2][query] GET https://www.gstatic.com/firebasejs/releases.json [none]
[debug] [2023-07-10T09:01:27.724Z] <<< [apiv2][status] GET https://www.gstatic.com/firebasejs/releases.json 200
[debug] [2023-07-10T09:01:27.724Z] <<< [apiv2][body] GET https://www.gstatic.com/firebasejs/releases.json {"current":{"version":"10.0.0","browserURL":"https://www.gstatic.com/firebasejs/10.0.0/firebase.js","packageURL":"https://www.gstatic.com/firebasejs/10.0.0/firebase.tgz"},"live":{"version":"10.0","browserURL":"https://www.gstatic.com/firebasejs/live/10.0/firebase.js","packageURL":"https://www.gstatic.com/firebasejs/live/10.0/firebase.tgz"},"components":{"analytics":"https://www.gstatic.com/firebasejs/10.0.0/firebase-analytics.js","app":"https://www.gstatic.com/firebasejs/10.0.0/firebase-app.js","app-check":"https://www.gstatic.com/firebasejs/10.0.0/firebase-app-check.js","auth":"https://www.gstatic.com/firebasejs/10.0.0/firebase-auth.js","auth/cordova":"https://www.gstatic.com/firebasejs/10.0.0/firebase-auth/cordova.js","functions":"https://www.gstatic.com/firebasejs/10.0.0/firebase-functions.js","firestore":"https://www.gstatic.com/firebasejs/10.0.0/firebase-firestore.js","firestore/lite":"https://www.gstatic.com/firebasejs/10.0.0/firebase-firestore/lite.js","installations":"https://www.gstatic.com/firebasejs/10.0.0/firebase-installations.js","storage":"https://www.gstatic.com/firebasejs/10.0.0/firebase-storage.js","performance":"https://www.gstatic.com/firebasejs/10.0.0/firebase-performance.js","remote-config":"https://www.gstatic.com/firebasejs/10.0.0/firebase-remote-config.js","messaging":"https://www.gstatic.com/firebasejs/10.0.0/firebase-messaging.js","messaging/sw":"https://www.gstatic.com/firebasejs/10.0.0/firebase-messaging/sw.js","database":"https://www.gstatic.com/firebasejs/10.0.0/firebase-database.js","firestore.memory":"https://www.gstatic.com/firebasejs/10.0.0/firebase-firestore.memory.js"}}
[info] i  Skipping write of dist/index.html 
[info] 
[info] i  Detected a .git folder at C:\Users\Student\Desktop\vuejseomp 
[info] i  Authorizing with GitHub to upload your service account to a GitHub repository's secrets store. 
[info] 
[info] Visit this URL on this device to log in:
[info] https://github.com/login/oauth/authorize?client_id=89cf50f02ac6aaed3484&state=251358833&redirect_uri=http%3A%2F%2Flocalhost%3A9005&scope=read%3Auser%20repo%20public_repo
[info] 
[info] Waiting for authentication...
[debug] [2023-07-10T09:01:39.799Z] >>> [apiv2][query] POST https://github.com/login/oauth/access_token [none]
[debug] [2023-07-10T09:01:39.799Z] >>> [apiv2][body] POST https://github.com/login/oauth/access_token [stream]
[debug] [2023-07-10T09:01:42.532Z] <<< [apiv2][status] POST https://github.com/login/oauth/access_token 200
[debug] [2023-07-10T09:01:42.532Z] <<< [apiv2][body] POST https://github.com/login/oauth/access_token {"access_token":"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","token_type":"bearer","scope":"read:user,repo"}
[debug] [2023-07-10T09:01:42.558Z] >>> [apiv2][query] GET https://api.github.com/user [none]
[debug] [2023-07-10T09:01:43.725Z] <<< [apiv2][status] GET https://api.github.com/user 200
[debug] [2023-07-10T09:01:43.725Z] <<< [apiv2][body] GET https://api.github.com/user {"login":"TomLga","id":129970580,"node_id":"U_kgDOB78xlA","avatar_url":"https://avatars.githubusercontent.com/u/129970580?v=4","gravatar_id":"","url":"https://api.github.com/users/TomLga","html_url":"https://github.com/TomLga","followers_url":"https://api.github.com/users/TomLga/followers","following_url":"https://api.github.com/users/TomLga/following{/other_user}","gists_url":"https://api.github.com/users/TomLga/gists{/gist_id}","starred_url":"https://api.github.com/users/TomLga/starred{/owner}{/repo}","subscriptions_url":"https://api.github.com/users/TomLga/subscriptions","organizations_url":"https://api.github.com/users/TomLga/orgs","repos_url":"https://api.github.com/users/TomLga/repos","events_url":"https://api.github.com/users/TomLga/events{/privacy}","received_events_url":"https://api.github.com/users/TomLga/received_events","type":"User","site_admin":false,"name":"Logan ","company":null,"blog":"","location":null,"email":null,"hireable":null,"bio":null,"twitter_username":null,"public_repos":29,"public_gists":0,"followers":1,"following":1,"created_at":"2023-04-05T14:23:57Z","updated_at":"2023-06-30T21:57:09Z","private_gists":0,"total_private_repos":1,"owned_private_repos":1,"disk_usage":1072,"collaborators":0,"two_factor_authentication":false,"plan":{"name":"free","space":976562499,"collaborators":0,"private_repos":10000}}
[info] 
[info] +  Success! Logged into GitHub as TomLga 
[info] 
